[0.163s] DEBUG:colcon:Command line arguments: ['/usr/bin/colcon', 'build']
[0.164s] DEBUG:colcon:Parsed command line arguments: Namespace(log_base=None, log_level=None, verb_name='build', build_base='build', install_base='install', merge_install=False, symlink_install=False, test_result_base=None, continue_on_error=False, executor='parallel', parallel_workers=2, event_handlers=None, ignore_user_meta=False, metas=['./colcon.meta'], base_paths=['.'], packages_ignore=None, packages_ignore_regex=None, paths=None, packages_up_to=None, packages_up_to_regex=None, packages_above=None, packages_above_and_dependencies=None, packages_above_depth=None, packages_select_by_dep=None, packages_skip_by_dep=None, packages_skip_up_to=None, packages_select_build_failed=False, packages_skip_build_finished=False, packages_select_test_failures=False, packages_skip_test_passed=False, packages_select=None, packages_skip=None, packages_select_regex=None, packages_skip_regex=None, packages_start=None, packages_end=None, allow_overriding=[], cmake_args=None, cmake_target=None, cmake_target_skip_unavailable=False, cmake_clean_cache=False, cmake_clean_first=False, cmake_force_configure=False, ament_cmake_args=None, catkin_cmake_args=None, catkin_skip_building_tests=False, mixin_files=None, mixin=None, verb_parser=<colcon_mixin.mixin.mixin_argument.MixinArgumentDecorator object at 0x7c1813b11ae0>, verb_extension=<colcon_core.verb.build.BuildVerb object at 0x7c1813b11120>, main=<bound method BuildVerb.main of <colcon_core.verb.build.BuildVerb object at 0x7c1813b11120>>, mixin_verb=('build',))
[0.405s] Level 1:colcon.colcon_core.package_discovery:discover_packages(colcon_meta) check parameters
[0.405s] Level 1:colcon.colcon_core.package_discovery:discover_packages(recursive) check parameters
[0.405s] Level 1:colcon.colcon_core.package_discovery:discover_packages(ignore) check parameters
[0.405s] Level 1:colcon.colcon_core.package_discovery:discover_packages(path) check parameters
[0.405s] Level 1:colcon.colcon_core.package_discovery:discover_packages(colcon_meta) discover
[0.405s] Level 1:colcon.colcon_core.package_discovery:discover_packages(recursive) discover
[0.405s] INFO:colcon.colcon_core.package_discovery:Crawling recursively for packages in '/home/jagadeesh/turtlebot_stop'
[0.406s] Level 1:colcon.colcon_core.package_identification:_identify(.) by extensions ['ignore', 'ignore_ament_install']
[0.406s] Level 1:colcon.colcon_core.package_identification:_identify(.) by extension 'ignore'
[0.406s] Level 1:colcon.colcon_core.package_identification:_identify(.) by extension 'ignore_ament_install'
[0.406s] Level 1:colcon.colcon_core.package_identification:_identify(.) by extensions ['colcon_pkg']
[0.406s] Level 1:colcon.colcon_core.package_identification:_identify(.) by extension 'colcon_pkg'
[0.406s] Level 1:colcon.colcon_core.package_identification:_identify(.) by extensions ['colcon_meta']
[0.406s] Level 1:colcon.colcon_core.package_identification:_identify(.) by extension 'colcon_meta'
[0.406s] Level 1:colcon.colcon_core.package_identification:_identify(.) by extensions ['ros']
[0.406s] Level 1:colcon.colcon_core.package_identification:_identify(.) by extension 'ros'
[0.429s] DEBUG:colcon.colcon_core.package_identification:Package '.' with type 'ros.ament_python' and name 'turtlebot_stop'
[0.429s] Level 1:colcon.colcon_core.package_discovery:discover_packages(recursive) using defaults
[0.429s] Level 1:colcon.colcon_core.package_discovery:discover_packages(ignore) discover
[0.429s] Level 1:colcon.colcon_core.package_discovery:discover_packages(ignore) using defaults
[0.429s] Level 1:colcon.colcon_core.package_discovery:discover_packages(path) discover
[0.430s] Level 1:colcon.colcon_core.package_discovery:discover_packages(path) using defaults
[0.470s] Level 1:colcon.colcon_core.package_discovery:discover_packages(prefix_path) check parameters
[0.470s] Level 1:colcon.colcon_core.package_discovery:discover_packages(prefix_path) discover
[0.475s] DEBUG:colcon.colcon_installed_package_information.package_discovery:Found 323 installed packages in /opt/ros/humble
[0.478s] Level 1:colcon.colcon_core.package_discovery:discover_packages(prefix_path) using defaults
[0.658s] Level 5:colcon.colcon_core.verb:set package 'turtlebot_stop' build argument 'cmake_args' from command line to 'None'
[0.658s] Level 5:colcon.colcon_core.verb:set package 'turtlebot_stop' build argument 'cmake_target' from command line to 'None'
[0.658s] Level 5:colcon.colcon_core.verb:set package 'turtlebot_stop' build argument 'cmake_target_skip_unavailable' from command line to 'False'
[0.658s] Level 5:colcon.colcon_core.verb:set package 'turtlebot_stop' build argument 'cmake_clean_cache' from command line to 'False'
[0.658s] Level 5:colcon.colcon_core.verb:set package 'turtlebot_stop' build argument 'cmake_clean_first' from command line to 'False'
[0.658s] Level 5:colcon.colcon_core.verb:set package 'turtlebot_stop' build argument 'cmake_force_configure' from command line to 'False'
[0.658s] Level 5:colcon.colcon_core.verb:set package 'turtlebot_stop' build argument 'ament_cmake_args' from command line to 'None'
[0.658s] Level 5:colcon.colcon_core.verb:set package 'turtlebot_stop' build argument 'catkin_cmake_args' from command line to 'None'
[0.658s] Level 5:colcon.colcon_core.verb:set package 'turtlebot_stop' build argument 'catkin_skip_building_tests' from command line to 'False'
[0.658s] DEBUG:colcon.colcon_core.verb:Building package 'turtlebot_stop' with the following arguments: {'ament_cmake_args': None, 'build_base': '/home/jagadeesh/turtlebot_stop/build/turtlebot_stop', 'catkin_cmake_args': None, 'catkin_skip_building_tests': False, 'cmake_args': None, 'cmake_clean_cache': False, 'cmake_clean_first': False, 'cmake_force_configure': False, 'cmake_target': None, 'cmake_target_skip_unavailable': False, 'install_base': '/home/jagadeesh/turtlebot_stop/install/turtlebot_stop', 'merge_install': False, 'path': '/home/jagadeesh/turtlebot_stop', 'symlink_install': False, 'test_result_base': None}
[0.659s] INFO:colcon.colcon_core.executor:Executing jobs using 'parallel' executor
[0.662s] DEBUG:colcon.colcon_parallel_executor.executor.parallel:run_until_complete
[0.663s] INFO:colcon.colcon_ros.task.ament_python.build:Building ROS package in '/home/jagadeesh/turtlebot_stop' with build type 'ament_python'
[0.664s] Level 1:colcon.colcon_core.shell:create_environment_hook('turtlebot_stop', 'ament_prefix_path')
[0.668s] INFO:colcon.colcon_core.plugin_system:Skipping extension 'colcon_core.shell.bat': Not used on non-Windows systems
[0.668s] INFO:colcon.colcon_core.shell:Creating environment hook '/home/jagadeesh/turtlebot_stop/install/turtlebot_stop/share/turtlebot_stop/hook/ament_prefix_path.ps1'
[0.670s] INFO:colcon.colcon_core.shell:Creating environment descriptor '/home/jagadeesh/turtlebot_stop/install/turtlebot_stop/share/turtlebot_stop/hook/ament_prefix_path.dsv'
[0.671s] INFO:colcon.colcon_core.shell:Creating environment hook '/home/jagadeesh/turtlebot_stop/install/turtlebot_stop/share/turtlebot_stop/hook/ament_prefix_path.sh'
[0.675s] INFO:colcon.colcon_core.shell:Skip shell extension 'powershell' for command environment: Not usable outside of PowerShell
[0.675s] DEBUG:colcon.colcon_core.shell:Skip shell extension 'dsv' for command environment
[1.066s] INFO:colcon.colcon_core.task.python.build:Building Python package in '/home/jagadeesh/turtlebot_stop'
[1.066s] INFO:colcon.colcon_core.shell:Skip shell extension 'powershell' for command environment: Not usable outside of PowerShell
[1.067s] DEBUG:colcon.colcon_core.shell:Skip shell extension 'dsv' for command environment
[1.530s] DEBUG:colcon.colcon_core.event_handler.log_command:Invoking command in '/home/jagadeesh/turtlebot_stop': PYTHONPATH=/home/jagadeesh/turtlebot_stop/build/turtlebot_stop/prefix_override:/home/jagadeesh/turtlebot_stop/install/turtlebot_stop/lib/python3.10/site-packages:${PYTHONPATH} /usr/bin/python3 -W ignore:setup.py install is deprecated setup.py egg_info --egg-base build/turtlebot_stop build --build-base /home/jagadeesh/turtlebot_stop/build/turtlebot_stop/build install --record /home/jagadeesh/turtlebot_stop/build/turtlebot_stop/install.log --single-version-externally-managed install_data
[1.917s] DEBUG:colcon.colcon_core.event_handler.log_command:Invoked command in '/home/jagadeesh/turtlebot_stop' returned '0': PYTHONPATH=/home/jagadeesh/turtlebot_stop/build/turtlebot_stop/prefix_override:/home/jagadeesh/turtlebot_stop/install/turtlebot_stop/lib/python3.10/site-packages:${PYTHONPATH} /usr/bin/python3 -W ignore:setup.py install is deprecated setup.py egg_info --egg-base build/turtlebot_stop build --build-base /home/jagadeesh/turtlebot_stop/build/turtlebot_stop/build install --record /home/jagadeesh/turtlebot_stop/build/turtlebot_stop/install.log --single-version-externally-managed install_data
[1.919s] Level 1:colcon.colcon_core.environment:checking '/home/jagadeesh/turtlebot_stop/install/turtlebot_stop' for CMake module files
[1.920s] Level 1:colcon.colcon_core.environment:checking '/home/jagadeesh/turtlebot_stop/install/turtlebot_stop' for CMake config files
[1.921s] Level 1:colcon.colcon_core.environment:checking '/home/jagadeesh/turtlebot_stop/install/turtlebot_stop/lib'
[1.921s] Level 1:colcon.colcon_core.environment:checking '/home/jagadeesh/turtlebot_stop/install/turtlebot_stop/bin'
[1.921s] Level 1:colcon.colcon_core.environment:checking '/home/jagadeesh/turtlebot_stop/install/turtlebot_stop/lib/pkgconfig/turtlebot_stop.pc'
[1.921s] Level 1:colcon.colcon_core.environment:checking '/home/jagadeesh/turtlebot_stop/install/turtlebot_stop/lib/python3.10/site-packages'
[1.921s] Level 1:colcon.colcon_core.shell:create_environment_hook('turtlebot_stop', 'pythonpath')
[1.922s] INFO:colcon.colcon_core.shell:Creating environment hook '/home/jagadeesh/turtlebot_stop/install/turtlebot_stop/share/turtlebot_stop/hook/pythonpath.ps1'
[1.923s] INFO:colcon.colcon_core.shell:Creating environment descriptor '/home/jagadeesh/turtlebot_stop/install/turtlebot_stop/share/turtlebot_stop/hook/pythonpath.dsv'
[1.924s] INFO:colcon.colcon_core.shell:Creating environment hook '/home/jagadeesh/turtlebot_stop/install/turtlebot_stop/share/turtlebot_stop/hook/pythonpath.sh'
[1.924s] Level 1:colcon.colcon_core.environment:checking '/home/jagadeesh/turtlebot_stop/install/turtlebot_stop/bin'
[1.925s] Level 1:colcon.colcon_core.environment:create_environment_scripts_only(turtlebot_stop)
[1.925s] INFO:colcon.colcon_core.shell:Creating package script '/home/jagadeesh/turtlebot_stop/install/turtlebot_stop/share/turtlebot_stop/package.ps1'
[1.926s] INFO:colcon.colcon_core.shell:Creating package descriptor '/home/jagadeesh/turtlebot_stop/install/turtlebot_stop/share/turtlebot_stop/package.dsv'
[1.928s] INFO:colcon.colcon_core.shell:Creating package script '/home/jagadeesh/turtlebot_stop/install/turtlebot_stop/share/turtlebot_stop/package.sh'
[1.929s] INFO:colcon.colcon_core.shell:Creating package script '/home/jagadeesh/turtlebot_stop/install/turtlebot_stop/share/turtlebot_stop/package.bash'
[1.930s] INFO:colcon.colcon_core.shell:Creating package script '/home/jagadeesh/turtlebot_stop/install/turtlebot_stop/share/turtlebot_stop/package.zsh'
[1.931s] Level 1:colcon.colcon_core.environment:create_file_with_runtime_dependencies(/home/jagadeesh/turtlebot_stop/install/turtlebot_stop/share/colcon-core/packages/turtlebot_stop)
[1.933s] DEBUG:colcon.colcon_parallel_executor.executor.parallel:closing loop
[1.933s] DEBUG:colcon.colcon_parallel_executor.executor.parallel:loop closed
[1.934s] DEBUG:colcon.colcon_parallel_executor.executor.parallel:run_until_complete finished with '0'
[1.934s] DEBUG:colcon.colcon_core.event_reactor:joining thread
[1.940s] INFO:colcon.colcon_core.plugin_system:Skipping extension 'colcon_notification.desktop_notification.terminal_notifier': Not used on non-Darwin systems
[1.940s] INFO:colcon.colcon_core.plugin_system:Skipping extension 'colcon_notification.desktop_notification.win32': Not used on non-Windows systems
[1.941s] INFO:colcon.colcon_notification.desktop_notification:Sending desktop notification using 'notify2'
[1.968s] DEBUG:colcon.colcon_core.event_reactor:joined thread
[1.969s] INFO:colcon.colcon_core.shell:Creating prefix script '/home/jagadeesh/turtlebot_stop/install/local_setup.ps1'
[1.971s] INFO:colcon.colcon_core.shell:Creating prefix util module '/home/jagadeesh/turtlebot_stop/install/_local_setup_util_ps1.py'
[1.974s] INFO:colcon.colcon_core.shell:Creating prefix chain script '/home/jagadeesh/turtlebot_stop/install/setup.ps1'
[1.976s] INFO:colcon.colcon_core.shell:Creating prefix script '/home/jagadeesh/turtlebot_stop/install/local_setup.sh'
[1.977s] INFO:colcon.colcon_core.shell:Creating prefix util module '/home/jagadeesh/turtlebot_stop/install/_local_setup_util_sh.py'
[1.979s] INFO:colcon.colcon_core.shell:Creating prefix chain script '/home/jagadeesh/turtlebot_stop/install/setup.sh'
[1.981s] INFO:colcon.colcon_core.shell:Creating prefix script '/home/jagadeesh/turtlebot_stop/install/local_setup.bash'
[1.983s] INFO:colcon.colcon_core.shell:Creating prefix chain script '/home/jagadeesh/turtlebot_stop/install/setup.bash'
[1.985s] INFO:colcon.colcon_core.shell:Creating prefix script '/home/jagadeesh/turtlebot_stop/install/local_setup.zsh'
[1.986s] INFO:colcon.colcon_core.shell:Creating prefix chain script '/home/jagadeesh/turtlebot_stop/install/setup.zsh'
