running egg_info
writing build/turtlebot_stop/turtlebot_stop.egg-info/PKG-INFO
writing dependency_links to build/turtlebot_stop/turtlebot_stop.egg-info/dependency_links.txt
writing entry points to build/turtlebot_stop/turtlebot_stop.egg-info/entry_points.txt
writing requirements to build/turtlebot_stop/turtlebot_stop.egg-info/requires.txt
writing top-level names to build/turtlebot_stop/turtlebot_stop.egg-info/top_level.txt
reading manifest file 'build/turtlebot_stop/turtlebot_stop.egg-info/SOURCES.txt'
writing manifest file 'build/turtlebot_stop/turtlebot_stop.egg-info/SOURCES.txt'
running build
running build_py
copying turtlebot_stop/stop_sign_detection.py -> /home/jagadeesh/turtlebot_stop/build/turtlebot_stop/build/lib/turtlebot_stop
running install
running install_lib
copying /home/jagadeesh/turtlebot_stop/build/turtlebot_stop/build/lib/turtlebot_stop/stop_sign_detection.py -> /home/jagadeesh/turtlebot_stop/install/turtlebot_stop/lib/python3.10/site-packages/turtlebot_stop
byte-compiling /home/jagadeesh/turtlebot_stop/install/turtlebot_stop/lib/python3.10/site-packages/turtlebot_stop/stop_sign_detection.py to stop_sign_detection.cpython-310.pyc
running install_data
running install_egg_info
removing '/home/jagadeesh/turtlebot_stop/install/turtlebot_stop/lib/python3.10/site-packages/turtlebot_stop-0.0.0-py3.10.egg-info' (and everything under it)
Copying build/turtlebot_stop/turtlebot_stop.egg-info to /home/jagadeesh/turtlebot_stop/install/turtlebot_stop/lib/python3.10/site-packages/turtlebot_stop-0.0.0-py3.10.egg-info
running install_scripts
writing list of installed files to '/home/jagadeesh/turtlebot_stop/build/turtlebot_stop/install.log'
