running egg_info
creating build/turtlebot_stop/turtlebot_stop.egg-info
writing build/turtlebot_stop/turtlebot_stop.egg-info/PKG-INFO
writing dependency_links to build/turtlebot_stop/turtlebot_stop.egg-info/dependency_links.txt
writing entry points to build/turtlebot_stop/turtlebot_stop.egg-info/entry_points.txt
writing requirements to build/turtlebot_stop/turtlebot_stop.egg-info/requires.txt
writing top-level names to build/turtlebot_stop/turtlebot_stop.egg-info/top_level.txt
writing manifest file 'build/turtlebot_stop/turtlebot_stop.egg-info/SOURCES.txt'
reading manifest file 'build/turtlebot_stop/turtlebot_stop.egg-info/SOURCES.txt'
writing manifest file 'build/turtlebot_stop/turtlebot_stop.egg-info/SOURCES.txt'
running build
running build_py
creating /home/jagadeesh/turtlebot_stop/build/turtlebot_stop/build
creating /home/jagadeesh/turtlebot_stop/build/turtlebot_stop/build/lib
creating /home/jagadeesh/turtlebot_stop/build/turtlebot_stop/build/lib/turtlebot_stop
copying turtlebot_stop/stop_sign_detection.py -> /home/jagadeesh/turtlebot_stop/build/turtlebot_stop/build/lib/turtlebot_stop
copying turtlebot_stop/__init__.py -> /home/jagadeesh/turtlebot_stop/build/turtlebot_stop/build/lib/turtlebot_stop
running install
running install_lib
creating /home/jagadeesh/turtlebot_stop/install/turtlebot_stop/lib/python3.10/site-packages/turtlebot_stop
copying /home/jagadeesh/turtlebot_stop/build/turtlebot_stop/build/lib/turtlebot_stop/stop_sign_detection.py -> /home/jagadeesh/turtlebot_stop/install/turtlebot_stop/lib/python3.10/site-packages/turtlebot_stop
copying /home/jagadeesh/turtlebot_stop/build/turtlebot_stop/build/lib/turtlebot_stop/__init__.py -> /home/jagadeesh/turtlebot_stop/install/turtlebot_stop/lib/python3.10/site-packages/turtlebot_stop
byte-compiling /home/jagadeesh/turtlebot_stop/install/turtlebot_stop/lib/python3.10/site-packages/turtlebot_stop/stop_sign_detection.py to stop_sign_detection.cpython-310.pyc
byte-compiling /home/jagadeesh/turtlebot_stop/install/turtlebot_stop/lib/python3.10/site-packages/turtlebot_stop/__init__.py to __init__.cpython-310.pyc
running install_data
creating /home/jagadeesh/turtlebot_stop/install/turtlebot_stop/share/ament_index
creating /home/jagadeesh/turtlebot_stop/install/turtlebot_stop/share/ament_index/resource_index
creating /home/jagadeesh/turtlebot_stop/install/turtlebot_stop/share/ament_index/resource_index/packages
copying resource/turtlebot_stop -> /home/jagadeesh/turtlebot_stop/install/turtlebot_stop/share/ament_index/resource_index/packages
copying package.xml -> /home/jagadeesh/turtlebot_stop/install/turtlebot_stop/share/turtlebot_stop
running install_egg_info
Copying build/turtlebot_stop/turtlebot_stop.egg-info to /home/jagadeesh/turtlebot_stop/install/turtlebot_stop/lib/python3.10/site-packages/turtlebot_stop-0.0.0-py3.10.egg-info
running install_scripts
writing list of installed files to '/home/jagadeesh/turtlebot_stop/build/turtlebot_stop/install.log'
